make all --print-data-base --no-builtin-variables --no-builtin-rules --question
# GNU Make 3.81
# Copyright (C) 2006  Free Software Foundation, Inc.
# This is free software; see the source for copying conditions.
# There is NO warranty; not even for MERCHANTABILITY or FITNESS FOR A
# PARTICULAR PURPOSE.

# This program built for i386-apple-darwin11.3.0

# Make data base, printed on Thu Oct  7 00:25:21 2021

# Variables

# automatic
<D = $(patsubst %/,%,$(dir $<))
# automatic
?F = $(notdir $?)
# environment
VSCODE_LOG_NATIVE = false
# automatic
?D = $(patsubst %/,%,$(dir $?))
# automatic
@D = $(patsubst %/,%,$(dir $@))
# automatic
@F = $(notdir $@)
# makefile
CURDIR := /Users/kwonhyukbae/Desktop/42Cursus/02_pipex
# makefile
SHELL = /bin/sh
# makefile (from `Makefile', line 19)
RM = rm -f
# environment
VSCODE_NLS_CONFIG = {"locale":"ko","availableLanguages":{"*":"ko"},"_languagePackId":"3fb69aec03c19a172aefefd7885f5460.ko","_translationsConfigFile":"/Users/kwonhyukbae/Library/Application Support/Code/clp/3fb69aec03c19a172aefefd7885f5460.ko/tcf.json","_cacheRoot":"/Users/kwonhyukbae/Library/Application Support/Code/clp/3fb69aec03c19a172aefefd7885f5460.ko","_resolvedLanguagePackCoreLocation":"/Users/kwonhyukbae/Library/Application Support/Code/clp/3fb69aec03c19a172aefefd7885f5460.ko/7f6ab5485bbc008386c4386d08766667e155244e","_corruptedFile":"/Users/kwonhyukbae/Library/Application Support/Code/clp/3fb69aec03c19a172aefefd7885f5460.ko/corrupted.info","_languagePackSupport":true}
# environment
_ = /usr/bin/make
# makefile (from `Makefile', line 16)
CFLAGS = -Wall -Wextra -Werror
# makefile (from `Makefile', line 1)
MAKEFILE_LIST :=  Makefile
# environment
VSCODE_VERBOSE_LOGGING = true
# environment
__CFBundleIdentifier = com.microsoft.VSCode
# environment
P9K_SSH = 0
# environment
VSCODE_IPC_HOOK_EXTHOST = /var/folders/wf/t59nrjx112n3cv17xmz7zkjr0000gn/T/vscode-ipc-b22389df-80e4-4855-b42e-401cc297a826.sock
# environment
VSCODE_CWD = /
# environment
PATH = /usr/local/bin:/usr/bin:/bin:/usr/sbin:/sbin:/usr/local/share/dotnet:~/.dotnet/tools:/Users/kwonhyukbae/Library/Python/3.8/bin
# environment
LSCOLORS = Gxfxcxdxbxegedabagacad
# makefile (from `Makefile', line 21)
INCLUDE_DIR = ./includes
# environment
LaunchInstanceID = 26890DEE-983F-44A1-9B0F-1CFA66AB6B89
# makefile (from `Makefile', line 18)
AR = ar rcs
# makefile (from `Makefile', line 23)
SRCS_DIR = ./srcs
# environment
VSCODE_LOG_STACK = false
# environment
ELECTRON_RUN_AS_NODE = 1
# default
.FEATURES := target-specific order-only second-expansion else-if archives jobserver check-symlink
# environment
SSH_AUTH_SOCK = /private/tmp/com.apple.launchd.MDaDIqyAli/Listeners
# automatic
%F = $(notdir $%)
# environment
VSCODE_PIPE_LOGGING = true
# makefile (from `Makefile', line 29)
OBJS = $(addprefix $(OBJS_DIR)/, $(notdir $(SRCS:.c=.o)))
# environment
PWD = /Users/kwonhyukbae/Desktop/42Cursus/02_pipex
# environment
ORIGINAL_XDG_CURRENT_DESKTOP = undefined
# environment
VSCODE_AMD_ENTRYPOINT = vs/workbench/services/extensions/node/extensionHostProcess
# environment
HOME = /Users/kwonhyukbae
# default
MAKEFILEPATH = $(shell /usr/bin/xcode-select -print-path 2>/dev/null || echo /Developer)/Makefiles
# environment
VSCODE_CODE_CACHE_PATH = /Users/kwonhyukbae/Library/Application Support/Code/CachedData/7f6ab5485bbc008386c4386d08766667e155244e
# environment
LOGNAME = kwonhyukbae
# environment
APPLICATION_INSIGHTS_NO_DIAGNOSTIC_CHANNEL = true
# environment
ZSH = /Users/kwonhyukbae/.oh-my-zsh
# environment
VSCODE_HANDLES_UNCAUGHT_ERRORS = true
# automatic
^D = $(patsubst %/,%,$(dir $^))
# environment
XPC_FLAGS = 0x0
# default
MAKE = $(MAKE_COMMAND)
# default
MAKECMDGOALS := all
# makefile (from `Makefile', line 25)
SRCS = $(addprefix $(SRCS_DIR)/, ft_pipe.c ft_pipe_process.c ft_pipe_execute.c ft_parsing.c ft_parsing_utils.c ft_split.c ft_strjoin.c ft_strncmp.c)
# environment
SHLVL = 1
# makefile (from `Makefile', line 15)
CC = gcc
# default
MAKE_VERSION := 3.81
# environment
USER = kwonhyukbae
# makefile
.DEFAULT_GOAL := all
# makefile (from `Makefile', line 13)
NAME = pipex
# environment
LESS = -R
# automatic
%D = $(patsubst %/,%,$(dir $%))
# default
MAKE_COMMAND := /Library/Developer/CommandLineTools/usr/bin/make
# default
.VARIABLES := 
# environment
TMPDIR = /var/folders/wf/t59nrjx112n3cv17xmz7zkjr0000gn/T/
# automatic
*F = $(notdir $*)
# environment
VSCODE_IPC_HOOK = /Users/kwonhyukbae/Library/Application Support/Code/1.60.2-main.sock
# makefile
MAKEFLAGS = Rrqp
# environment
MFLAGS = -Rrqp
# automatic
*D = $(patsubst %/,%,$(dir $*))
# environment
XPC_SERVICE_NAME = application.com.microsoft.VSCode.2801395.2801401
# makefile (from `Makefile', line 22)
OBJS_DIR = ./objs
# automatic
+D = $(patsubst %/,%,$(dir $+))
# automatic
+F = $(notdir $+)
# environment
__CF_USER_TEXT_ENCODING = 0x1F5:0x3:0x33
# environment
COMMAND_MODE = unix2003
# default
MAKEFILES := 
# automatic
<F = $(notdir $<)
# environment
PAGER = less
# environment
LC_ALL = C
# environment
SECURITYSESSIONID = 186a9
# automatic
^F = $(notdir $^)
# default
SUFFIXES := 
# default
.INCLUDE_DIRS = /usr/local/include
# environment
MAKELEVEL := 0
# environment
LANG = C
# environment
VSCODE_PID = 553
# variable set hash-table stats:
# Load=79/1024=8%, Rehash=0, Collisions=5/113=4%

# Pattern-specific Variable Values

# No pattern-specific variable values.

# Directories

# . (device 16777220, inode 510348): 14 files, no impossibilities.
# ./srcs (device 16777220, inode 510395): 10 files, no impossibilities so far.

# 24 files, no impossibilities in 2 directories.

# Implicit Rules

objs/%.o: %.c | ./objs
#  commands to execute (from `Makefile', line 42):
	$(CC) $(CFLAGS) -o $@ -I$(INCLUDE_DIR) -c $^
	

# 1 implicit rules, 0 (0.0%) terminal.

# Files

all: pipex
#  Phony target (prerequisite of .PHONY).
#  Command-line target.
#  Implicit rule search has not been done.
#  File does not exist.
#  File has been updated.
#  Successfully updated.
# variable set hash-table stats:
# Load=0/32=0%, Rehash=0, Collisions=0/0=0%

.PHONY: all clean fclean re
#  Implicit rule search has not been done.
#  Modification time never checked.
#  File has not been updated.

# Not a target:
./srcs/ft_pipe.c:
#  Implicit rule search has been done.
#  Last modified 2021-09-27 17:45:45
#  File has been updated.
#  Successfully updated.
# variable set hash-table stats:
# Load=0/32=0%, Rehash=0, Collisions=0/0=0%

# Not a target:
.SUFFIXES:
#  Implicit rule search has not been done.
#  Modification time never checked.
#  File has not been updated.

# Not a target:
Makefile:
#  Implicit rule search has been done.
#  Last modified 2021-09-26 20:55:27
#  File has been updated.
#  Successfully updated.
# variable set hash-table stats:
# Load=0/32=0%, Rehash=0, Collisions=0/0=0%

# Not a target:
./srcs/ft_parsing.c:
#  Implicit rule search has been done.
#  Last modified 2021-09-27 18:12:43
#  File has been updated.
#  Successfully updated.
# variable set hash-table stats:
# Load=0/32=0%, Rehash=0, Collisions=0/0=0%

# Not a target:
./srcs/ft_pipe_process.c:
#  Implicit rule search has been done.
#  Last modified 2021-09-27 16:53:52
#  File has been updated.
#  Successfully updated.
# variable set hash-table stats:
# Load=0/32=0%, Rehash=0, Collisions=0/0=0%

objs/ft_parsing_utils.o: ./srcs/ft_parsing_utils.c | objs
#  Implicit rule search has been done.
#  Implicit/static pattern stem: `ft_parsing_utils'
#  Last modified 2021-09-27 20:02:10
#  File has been updated.
#  Successfully updated.
# variable set hash-table stats:
# Load=0/32=0%, Rehash=0, Collisions=0/0=0%
#  commands to execute (from `Makefile', line 42):
	$(CC) $(CFLAGS) -o $@ -I$(INCLUDE_DIR) -c $^
	

objs:
#  Implicit rule search has not been done.
#  Last modified 2021-09-27 20:02:10
#  File has been updated.
#  Successfully updated.
#  commands to execute (from `Makefile', line 39):
	@mkdir -p $(OBJS_DIR)
	

objs/ft_strjoin.o: ./srcs/ft_strjoin.c | objs
#  Implicit rule search has been done.
#  Implicit/static pattern stem: `ft_strjoin'
#  Last modified 2021-09-27 20:02:10
#  File has been updated.
#  Successfully updated.
# variable set hash-table stats:
# Load=0/32=0%, Rehash=0, Collisions=0/0=0%
#  commands to execute (from `Makefile', line 42):
 
	$(CC) $(CFLAGS) -o $@ -I$(INCLUDE_DIR) -c $^
	

objs/ft_split.o: ./srcs/ft_split.c | objs
#  Implicit rule search has been done.
#  Implicit/static pattern stem: `ft_split'
#  Last modified 2021-09-27 20:02:10
#  File has been updated.
#  Successfully updated.
# variable set hash-table stats:
# Load=0/32=0%, Rehash=0, Collisions=0/0=0%
#  commands to execute (from `Makefile', line 42):
	$(CC) $(CFLAGS) -o $@ -I$(INCLUDE_DIR) -c $^
	

# Not a target:
./srcs/ft_strncmp.c:
#  Implicit rule search has been done.
#  Last modified 2021-09-12 01:33:33
#  File has been updated.
#  Successfully updated.
# variable set hash-table stats:
# Load=0/32=0%, Rehash=0, Collisions=0/0=0%

# Not a target:
./srcs/ft_pipe_execute.c:
#  Implicit rule search has been done.
#  Last modified 2021-09-27 18:09:36
#  File has been updated.
#  Successfully updated.
# variable set hash-table stats:
# Load=0/32=0%, Rehash=0, Collisions=0/0=0%

fclean: clean
#  Phony target (prerequisite of .PHONY).
#  Implicit rule search has not been done.
#  File does not exist.
#  File has not been updated.
#  commands to execute (from `Makefile', line 48):
	@$(RM) $(NAME)
	

# Not a target:
.DEFAULT:
#  Implicit rule search has not been done.
#  Modification time never checked.
#  File has not been updated.

objs/ft_pipe.o: ./srcs/ft_pipe.c | objs
#  Implicit rule search has been done.
#  Implicit/static pattern stem: `ft_pipe'
#  Last modified 2021-09-27 20:02:10
#  File has been updated.
#  Successfully updated.
# variable set hash-table stats:
# Load=0/32=0%, Rehash=0, Collisions=0/0=0%
#  commands to execute (from `Makefile', line 42):
	$(CC) $(CFLAGS) -o $@ -I$(INCLUDE_DIR) -c $^
	

re: fclean all
#  Phony target (prerequisite of .PHONY).
#  Implicit rule search has not been done.
#  File does not exist.
#  File has not been updated.

clean:
#  Phony target (prerequisite of .PHONY).
#  Implicit rule search has not been done.
#  File does not exist.
#  File has not been updated.
#  commands to execute (from `Makefile', line 45):
	@$(RM) -r $(OBJS_DIR)
	

objs/ft_parsing.o: ./srcs/ft_parsing.c | objs
#  Implicit rule search has been done.
#  Implicit/static pattern stem: `ft_parsing'
#  Last modified 2021-09-27 20:02:10
#  File has been updated.
#  Successfully updated.
# variable set hash-table stats:
# Load=0/32=0%, Rehash=0, Collisions=0/0=0%
#  commands to execute (from `Makefile', line 42):
	$(CC) $(CFLAGS) -o $@ -I$(INCLUDE_DIR) -c $^
	

objs/ft_pipe_process.o: ./srcs/ft_pipe_process.c | objs
#  Implicit rule search has been done.
#  Implicit/static pattern stem: `ft_pipe_process'
#  Last modified 2021-09-27 20:02:10
#  File has been updated.
#  Successfully updated.
# variable set hash-table stats:
# Load=0/32=0%, Rehash=0, Collisions=0/0=0%
#  commands to execute (from `Makefile', line 42):
	$(CC) $(CFLAGS) -o $@ -I$(INCLUDE_DIR) -c $^
	

objs/ft_strncmp.o: ./srcs/ft_strncmp.c | objs
#  Implicit rule search has been done.
#  Implicit/static pattern stem: `ft_strncmp'
#  Last modified 2021-09-27 20:02:10
#  File has been updated.
#  Successfully updated.
# variable set hash-table stats:
# Load=0/32=0%, Rehash=0, Collisions=0/0=0%
#  commands to execute (from `Makefile', line 42):
	$(CC) $(CFLAGS) -o $@ -I$(INCLUDE_DIR) -c $^
	

objs/ft_pipe_execute.o: ./srcs/ft_pipe_execute.c | objs
#  Implicit rule search has been done.
#  Implicit/static pattern stem: `ft_pipe_execute'
#  Last modified 2021-09-27 20:02:10
#  File has been updated.
#  Successfully updated.
# variable set hash-table stats:
# Load=0/32=0%, Rehash=0, Collisions=0/0=0%
#  commands to execute (from `Makefile', line 42):
	$(CC) $(CFLAGS) -o $@ -I$(INCLUDE_DIR) -c $^
	

# Not a target:
./srcs/ft_parsing_utils.c:
#  Implicit rule search has been done.
#  Last modified 2021-09-27 18:13:10
#  File has been updated.
#  Successfully updated.
# variable set hash-table stats:
# Load=0/32=0%, Rehash=0, Collisions=0/0=0%

# Not a target:
./srcs/ft_strjoin.c:
#  Implicit rule search has been done.
#  Last modified 2021-09-05 19:52:54
#  File has been updated.
#  Successfully updated.
# variable set hash-table stats:
# Load=0/32=0%, Rehash=0, Collisions=0/0=0%

# Not a target:
./srcs/ft_split.c:
#  Implicit rule search has been done.
#  Last modified 2021-08-17 19:55:38
#  File has been updated.
#  Successfully updated.
# variable set hash-table stats:
# Load=0/32=0%, Rehash=0, Collisions=0/0=0%

pipex: objs/ft_pipe.o objs/ft_pipe_process.o objs/ft_pipe_execute.o objs/ft_parsing.o objs/ft_parsing_utils.o objs/ft_split.o objs/ft_strjoin.o objs/ft_strncmp.o
#  Implicit rule search has not been done.
#  Last modified 2021-09-27 20:02:10
#  File has been updated.
#  Successfully updated.
# variable set hash-table stats:
# Load=0/32=0%, Rehash=0, Collisions=0/0=0%
#  commands to execute (from `Makefile', line 36):
	$(CC) $(CFLAGS) -o $@ $^
	

# files hash-table stats:
# Load=26/1024=3%, Rehash=0, Collisions=0/143=0%
# VPATH Search Paths

vpath %.c ./srcs

# 1 `vpath' search paths.

# No general (`VPATH' variable) search path.

# # of strings in strcache: 1
# # of strcache buffers: 1
# strcache size: total = 4096 / max = 4096 / min = 4096 / avg = 4096
# strcache free: total = 4087 / max = 4087 / min = 4087 / avg = 4087

# Finished Make data base on Thu Oct  7 00:25:21 2021

 
