make all --print-data-base --no-builtin-variables --no-builtin-rules --question
# GNU Make 3.81
# Copyright (C) 2006  Free Software Foundation, Inc.
# This is free software; see the source for copying conditions.
# There is NO warranty; not even for MERCHANTABILITY or FITNESS FOR A
# PARTICULAR PURPOSE.

# This program built for i386-apple-darwin11.3.0

# Make data base, printed on Fri Oct  8 23:08:37 2021

# Variables

# automatic
<D = $(patsubst %/,%,$(dir $<))
# automatic
?F = $(notdir $?)
# environment
VSCODE_LOG_NATIVE = false
# automatic
?D = $(patsubst %/,%,$(dir $?))
# automatic
@D = $(patsubst %/,%,$(dir $@))
# automatic
@F = $(notdir $@)
# makefile
CURDIR := /Users/kwonhyukbae/Desktop/42Cursus/03_minishell
# makefile
SHELL = /bin/sh
# makefile (from `Makefile', line 21)
RM = rm -f
# environment
VSCODE_NLS_CONFIG = {"locale":"ko","availableLanguages":{"*":"ko"},"_languagePackId":"3fb69aec03c19a172aefefd7885f5460.ko","_translationsConfigFile":"/Users/kwonhyukbae/Library/Application Support/Code/clp/3fb69aec03c19a172aefefd7885f5460.ko/tcf.json","_cacheRoot":"/Users/kwonhyukbae/Library/Application Support/Code/clp/3fb69aec03c19a172aefefd7885f5460.ko","_resolvedLanguagePackCoreLocation":"/Users/kwonhyukbae/Library/Application Support/Code/clp/3fb69aec03c19a172aefefd7885f5460.ko/7f6ab5485bbc008386c4386d08766667e155244e","_corruptedFile":"/Users/kwonhyukbae/Library/Application Support/Code/clp/3fb69aec03c19a172aefefd7885f5460.ko/corrupted.info","_languagePackSupport":true}
# environment
_ = /usr/bin/make
# makefile (from `Makefile', line 18)
CFLAGS = -g3 -fsanitize=address
# makefile (from `Makefile', line 1)
MAKEFILE_LIST :=  Makefile
# makefile (from `Makefile', line 26)
LIB_DIR = ./libft
# environment
VSCODE_VERBOSE_LOGGING = true
# environment
__CFBundleIdentifier = com.microsoft.VSCode
# environment
P9K_SSH = 0
# makefile (from `Makefile', line 48)
SRCS_MAIN = $(addprefix $(SRCS_DIR)/, main.c minishell.c)
# environment
VSCODE_IPC_HOOK_EXTHOST = /var/folders/wf/t59nrjx112n3cv17xmz7zkjr0000gn/T/vscode-ipc-68693e7c-452f-4f90-9228-cfb35999e92a.sock
# environment
VSCODE_CWD = /
# environment
PATH = /usr/local/bin:/usr/bin:/bin:/usr/sbin:/sbin:/usr/local/share/dotnet:~/.dotnet/tools:/Users/kwonhyukbae/Library/Python/3.8/bin
# environment
LSCOLORS = Gxfxcxdxbxegedabagacad
# makefile (from `Makefile', line 39)
SRCS_PARSE_DIR = $(SRCS_DIR)/parsing
# makefile (from `Makefile', line 23)
INCLUDE_DIR = ./includes
# makefile (from `Makefile', line 40)
SRCS_PARSE = $(addprefix $(SRCS_PARSE_DIR)/, parse_start.c parse_line.c parse_token.c parse_token_arr.c parse_token_list.c )
# environment
LaunchInstanceID = 693B5833-E6EB-49D7-874F-676283CCAC71
# makefile (from `Makefile', line 20)
AR = ar rc
# makefile (from `Makefile', line 24)
SRCS_DIR = ./srcs
# environment
VSCODE_LOG_STACK = false
# environment
ELECTRON_RUN_AS_NODE = 1
# default
.FEATURES := target-specific order-only second-expansion else-if archives jobserver check-symlink
# environment
SSH_AUTH_SOCK = /private/tmp/com.apple.launchd.601eLUO9Ll/Listeners
# automatic
%F = $(notdir $%)
# environment
VSCODE_PIPE_LOGGING = true
# environment
PWD = /Users/kwonhyukbae/Desktop/42Cursus/03_minishell
# environment
ORIGINAL_XDG_CURRENT_DESKTOP = undefined
# makefile (from `Makefile', line 28)
SRCS_BUILTIN_DIR = $(SRCS_DIR)/builtin_func
# environment
VSCODE_AMD_ENTRYPOINT = vs/workbench/services/extensions/node/extensionHostProcess
# environment
HOME = /Users/kwonhyukbae
# default
MAKEFILEPATH = $(shell /usr/bin/xcode-select -print-path 2>/dev/null || echo /Developer)/Makefiles
# environment
VSCODE_CODE_CACHE_PATH = /Users/kwonhyukbae/Library/Application Support/Code/CachedData/7f6ab5485bbc008386c4386d08766667e155244e
# environment
LOGNAME = kwonhyukbae
# environment
APPLICATION_INSIGHTS_NO_DIAGNOSTIC_CHANNEL = true
# environment
ZSH = /Users/kwonhyukbae/.oh-my-zsh
# environment
VSCODE_HANDLES_UNCAUGHT_ERRORS = true
# automatic
^D = $(patsubst %/,%,$(dir $^))
# environment
XPC_FLAGS = 0x0
# default
MAKE = $(MAKE_COMMAND)
# default
MAKECMDGOALS := all
# makefile (from `Makefile', line 51)
SRCS = $(SRCS_MAIN) $(SRCS_PARSE) 
# environment
SHLVL = 1
# makefile (from `Makefile', line 14)
LIBFT = libft.a
# makefile (from `Makefile', line 16)
CC = gcc
# default
MAKE_VERSION := 3.81
# environment
USER = kwonhyukbae
# makefile
.DEFAULT_GOAL := all
# makefile (from `Makefile', line 13)
NAME = minishell
# environment
LESS = -R
# automatic
%D = $(patsubst %/,%,$(dir $%))
# default
MAKE_COMMAND := /Library/Developer/CommandLineTools/usr/bin/make
# makefile (from `Makefile', line 29)
SRCS_BUILTIN = $(addprefix $(SRCS_BUILTIN_DIR)/, ft_echo.c ft_cd.c ft_pwd.c ft_export.c ft_unset.c ft_env.c ft_exit.c )
# default
.VARIABLES := 
# environment
TMPDIR = /var/folders/wf/t59nrjx112n3cv17xmz7zkjr0000gn/T/
# automatic
*F = $(notdir $*)
# environment
VSCODE_IPC_HOOK = /Users/kwonhyukbae/Library/Application Support/Code/1.60.2-main.sock
# makefile
MAKEFLAGS = Rrqp
# environment
MFLAGS = -Rrqp
# automatic
*D = $(patsubst %/,%,$(dir $*))
# environment
XPC_SERVICE_NAME = application.com.microsoft.VSCode.2801395.2801401
# automatic
+D = $(patsubst %/,%,$(dir $+))
# automatic
+F = $(notdir $+)
# environment
__CF_USER_TEXT_ENCODING = 0x1F5:0x3:0x33
# environment
COMMAND_MODE = unix2003
# default
MAKEFILES := 
# automatic
<F = $(notdir $<)
# environment
PAGER = less
# environment
LC_ALL = C
# environment
SECURITYSESSIONID = 186aa
# automatic
^F = $(notdir $^)
# default
SUFFIXES := 
# default
.INCLUDE_DIRS = /usr/local/include
# environment
MAKELEVEL := 0
# environment
LANG = C
# environment
VSCODE_PID = 423
# variable set hash-table stats:
# Load=84/1024=8%, Rehash=0, Collisions=3/115=3%

# Pattern-specific Variable Values

# No pattern-specific variable values.

# Directories

# . (device 16777221, inode 2164384): 11 files, no impossibilities.
# ./srcs (device 16777221, inode 2165055): No files, no impossibilities so far.
# ./srcs/parsing (device 16777221, inode 3065511): No files, no impossibilities so far.

# 11 files, no impossibilities in 3 directories.

# Implicit Rules

# No implicit rules.

# Files

all: minishell
#  Phony target (prerequisite of .PHONY).
#  Command-line target.
#  Implicit rule search has not been done.
#  File does not exist.
#  File has been updated.
#  Successfully updated.

.PHONY: all clean fclean re
#  Implicit rule search has not been done.
#  Modification time never checked.
#  File has not been updated.

# Not a target:
.SUFFIXES:
#  Implicit rule search has not been done.
#  Modification time never checked.
#  File has not been updated.

# Not a target:
Makefile:
#  Implicit rule search has been done.
#  Last modified 2021-10-08 00:11:49
#  File has been updated.
#  Successfully updated.
# variable set hash-table stats:
# Load=0/32=0%, Rehash=0, Collisions=0/0=0%

libft.a:
#  Implicit rule search has not been done.
#  Last modified 2021-10-08 14:08:24
#  File has been updated.
#  Successfully updated.
#  commands to execute (from `Makefile', line 77):
	@make -C $(LIB_DIR)
	@cp $(LIB_DIR)/$(LIBFT) .
	

minishell: libft.a
#  Implicit rule search has not been done.
#  Last modified 2021-10-08 14:08:24
#  File has been updated.
#  Successfully updated.
#  commands to execute (from `Makefile', line 67):
	$(CC) $(CFLAGS) -I $(INCLUDE_DIR) -I $(LIB_DIR)/$(INCLUDE_DIR) \
	-L ./$(LIB_DIR) -lft -o $(NAME) $(SRCS)
	

fclean: clean
#  Phony target (prerequisite of .PHONY).
#  Implicit rule search has not been done.
#  File does not exist.
#  File has not been updated.
#  commands to execute (from `Makefile', line 85):
	@$(RM) $(NAME)
	@$(RM) $(LIBFT)
	@make -C $(LIB_DIR) fclean
	

# Not a target:
.DEFAULT:
#  Implicit rule search has not been done.
#  Modification time never checked.
#  File has not been updated.

re: fclean all
#  Phony target (prerequisite of .PHONY).
#  Implicit rule search has not been done.
#  File does not exist.
#  File has not been updated.

clean:
#  Phony target (prerequisite of .PHONY).
#  Implicit rule search has not been done.
#  File does not exist.
#  File has not been updated.
#  commands to execute (from `Makefile', line 81):
	@$(RM) -r $(OBJS_DIR)
	@make -C $(LIB_DIR) clean
	

# files hash-table stats:
# Load=10/1024=1%, Rehash=0, Collisions=0/32=0%
 
# VPATH Search Paths

vpath %.c ./srcs:./srcs/parsing

# 1 `vpath' search paths.

# No general (`VPATH' variable) search path.

# # of strings in strcache: 1
# # of strcache buffers: 1
# strcache size: total = 4096 / max = 4096 / min = 4096 / avg = 4096
# strcache free: total = 4087 / max = 4087 / min = 4087 / avg = 4087

# Finished Make data base on Fri Oct  8 23:08:37 2021

 
