make all --print-data-base --no-builtin-variables --no-builtin-rules --question
# GNU Make 3.81
# Copyright (C) 2006  Free Software Foundation, Inc.
# This is free software; see the source for copying conditions.
# There is NO warranty; not even for MERCHANTABILITY or FITNESS FOR A
# PARTICULAR PURPOSE.

# This program built for i386-apple-darwin11.3.0

# Make data base, printed on Tue Aug 17 17:38:19 2021

# Variables

# automatic
<D = $(patsubst %/,%,$(dir $<))
# automatic
?F = $(notdir $?)
# environment
VSCODE_LOG_NATIVE = false
# automatic
?D = $(patsubst %/,%,$(dir $?))
# automatic
@D = $(patsubst %/,%,$(dir $@))
# automatic
@F = $(notdir $@)
# makefile
CURDIR := /Users/kwonhyukbae/Desktop/42Cursus/01_ft_printf
# makefile
SHELL = /bin/sh
# makefile (from `Makefile', line 21)
RM = rm -f
# environment
VSCODE_NLS_CONFIG = {"locale":"ko","availableLanguages":{"*":"ko"},"_languagePackId":"d73a31406898453688dbc99b252fcb3b.ko","_translationsConfigFile":"/Users/kwonhyukbae/Library/Application Support/Code/clp/d73a31406898453688dbc99b252fcb3b.ko/tcf.json","_cacheRoot":"/Users/kwonhyukbae/Library/Application Support/Code/clp/d73a31406898453688dbc99b252fcb3b.ko","_resolvedLanguagePackCoreLocation":"/Users/kwonhyukbae/Library/Application Support/Code/clp/d73a31406898453688dbc99b252fcb3b.ko/379476f0e13988d90fab105c5c19e7abc8b1dea8","_corruptedFile":"/Users/kwonhyukbae/Library/Application Support/Code/clp/d73a31406898453688dbc99b252fcb3b.ko/corrupted.info","_languagePackSupport":true}
# environment
_ = /usr/bin/make
# makefile (from `Makefile', line 17)
CFLAGS = -Wall -Wextra -Werror
# makefile (from `Makefile', line 1)
MAKEFILE_LIST :=  Makefile
# makefile (from `Makefile', line 23)
LIB_DIR = ./libft
# makefile (from `Makefile', line 26)
INCLUD_DIR = ./includes
# environment
VSCODE_VERBOSE_LOGGING = true
# environment
__CFBundleIdentifier = com.microsoft.VSCode
# environment
P9K_SSH = 0
# environment
VSCODE_IPC_HOOK_EXTHOST = /var/folders/wf/t59nrjx112n3cv17xmz7zkjr0000gn/T/vscode-ipc-a5ab0dcf-daf2-44b4-874f-634c74bed808.sock
# environment
VSCODE_CWD = /
# environment
PATH = /usr/local/bin:/usr/bin:/bin:/usr/sbin:/sbin:/usr/local/share/dotnet:~/.dotnet/tools:/Users/kwonhyukbae/Library/Python/3.8/bin
# environment
LSCOLORS = Gxfxcxdxbxegedabagacad
# environment
LaunchInstanceID = 1DD74162-504C-45A3-983F-67E8AEBC983C
# makefile (from `Makefile', line 19)
AR = ar rcs
# makefile (from `Makefile', line 25)
SRCS_DIR = ./srcs
# environment
VSCODE_LOG_STACK = false
# environment
ELECTRON_RUN_AS_NODE = 1
# default
.FEATURES := target-specific order-only second-expansion else-if archives jobserver check-symlink
# environment
SSH_AUTH_SOCK = /private/tmp/com.apple.launchd.YCFY2YSCYn/Listeners
# automatic
%F = $(notdir $%)
# environment
VSCODE_PIPE_LOGGING = true
# makefile (from `Makefile', line 39)
OBJS = $(addprefix $(OBJS_DIR)/, $(notdir $(SRCS:.c=.o)))
# environment
PWD = /Users/kwonhyukbae/Desktop/42Cursus/01_ft_printf
# environment
ORIGINAL_XDG_CURRENT_DESKTOP = undefined
# environment
VSCODE_AMD_ENTRYPOINT = vs/workbench/services/extensions/node/extensionHostProcess
# environment
HOME = /Users/kwonhyukbae
# default
MAKEFILEPATH = $(shell /usr/bin/xcode-select -print-path 2>/dev/null || echo /Developer)/Makefiles
# environment
VSCODE_CODE_CACHE_PATH = /Users/kwonhyukbae/Library/Application Support/Code/CachedData/379476f0e13988d90fab105c5c19e7abc8b1dea8
# environment
LOGNAME = kwonhyukbae
# environment
APPLICATION_INSIGHTS_NO_DIAGNOSTIC_CHANNEL = true
# environment
ZSH = /Users/kwonhyukbae/.oh-my-zsh
# environment
VSCODE_HANDLES_UNCAUGHT_ERRORS = true
# automatic
^D = $(patsubst %/,%,$(dir $^))
# environment
XPC_FLAGS = 0x0
# default
MAKE = $(MAKE_COMMAND)
# default
MAKECMDGOALS := all
# makefile (from `Makefile', line 28)
SRCS = $(addprefix $(SRCS_DIR)/, ft_printf.c ft_init_list.c ft_print_char.c ft_print_str.c ft_print_int.c ft_print_un_int.c ft_print_hex.c ft_print_ptr.c ft_print_per.c )
# environment
SHLVL = 1
# makefile (from `Makefile', line 14)
LIBFT = libft.a
# makefile (from `Makefile', line 16)
CC = gcc
# default
MAKE_VERSION := 3.81
# environment
USER = kwonhyukbae
# makefile
.DEFAULT_GOAL := all
# makefile (from `Makefile', line 13)
NAME = libftprintf.a
# environment
LESS = -R
# automatic
%D = $(patsubst %/,%,$(dir $%))
# default
MAKE_COMMAND := /Library/Developer/CommandLineTools/usr/bin/make
# default
.VARIABLES := 
# environment
TMPDIR = /var/folders/wf/t59nrjx112n3cv17xmz7zkjr0000gn/T/
# automatic
*F = $(notdir $*)
# environment
VSCODE_IPC_HOOK = /Users/kwonhyukbae/Library/Application Support/Code/1.59.0-main.sock
# makefile
MAKEFLAGS = Rrqp
# environment
MFLAGS = -Rrqp
# automatic
*D = $(patsubst %/,%,$(dir $*))
# environment
XPC_SERVICE_NAME = application.com.microsoft.VSCode.1594073.1594079
# makefile (from `Makefile', line 24)
OBJS_DIR = ./objs
# automatic
+D = $(patsubst %/,%,$(dir $+))
# automatic
+F = $(notdir $+)
# environment
__CF_USER_TEXT_ENCODING = 0x1F5:0x3:0x33
# environment
COMMAND_MODE = unix2003
# default
MAKEFILES := 
# environment
VSCODE_BROWSER_CODE_LOADING = bypassHeatCheck
# automatic
<F = $(notdir $<)
# environment
PAGER = less
# environment
LC_ALL = C
# environment
SECURITYSESSIONID = 186a9
# automatic
^F = $(notdir $^)
# default
SUFFIXES := 
# default
.INCLUDE_DIRS = /usr/local/include
# environment
MAKELEVEL := 0
# environment
LANG = C
# environment
VSCODE_PID = 371
# variable set hash-table stats:
# Load=82/1024=8%, Rehash=0, Collisions=5/122=4%

# Pattern-specific Variable Values

# No pattern-specific variable values.

# Directories

# . (device 16777225, inode 510088): 10 files, no impossibilities.
# ./srcs (device 16777225, inode 510136): 6 files, no impossibilities so far.
# srcs (device 16777225, inode 510136): 6 files, no impossibilities so far.

# 22 files, no impossibilities in 3 directories.

# Implicit Rules

objs/%.o: ./srcs/%.c
#  commands to execute (from `Makefile', line 50):
	@mkdir -p $(OBJS_DIR)
	@$(CC) $(CFLAGS) $(DEBUG) -I $(INCLUD_DIR) -I $(LIB_DIR) -c $< -o $@ 
	

# 1 implicit rules, 0 (0.0%) terminal.

# Files

all: libftprintf.a
#  Phony target (prerequisite of .PHONY).
#  Command-line target.
#  Implicit rule search has not been done.
#  File does not exist.
#  File has been updated.
#  Needs to be updated (-q is set).
# variable set hash-table stats:
# Load=0/32=0%, Rehash=0, Collisions=0/8=0%

.PHONY: all clean fclean re
#  Implicit rule search has not been done.
#  Modification time never checked.
#  File has not been updated.

# Not a target:
objs/ft_print_per.o:
#  Implicit rule search has not been done.
#  Modification time never checked.
#  File has not been updated.

# Not a target:
objs/ft_print_str.o:
#  Implicit rule search has not been done.
#  Modification time never checked.
#  File has not been updated.

# Not a target:
objs/ft_print_char.o:
#  Implicit rule search has not been done.
#  Modification time never checked.
#  File has not been updated.

# Not a target:
.SUFFIXES:
#  Implicit rule search has not been done.
#  Modification time never checked.
#  File has not been updated.

# Not a target:
Makefile:
#  Implicit rule search has been done.
#  Last modified 2021-07-25 21:15:07
#  File has been updated.
#  Successfully updated.
# variable set hash-table stats:
# Load=0/32=0%, Rehash=0, Collisions=0/0=0%

# Not a target:
objs/ft_print_un_int.o:
#  Implicit rule search has not been done.
#  Modification time never checked.
#  File has not been updated.

# Not a target:
objs/ft_print_int.o:
#  Implicit rule search has not been done.
#  Modification time never checked.
#  File has not been updated.

objs/ft_printf.o: srcs/ft_printf.c
#  Implicit rule search has been done.
#  Implicit/static pattern stem: `ft_printf'
#  File does not exist.
#  File has been updated.
#  Needs to be updated (-q is set).
# automatic
# @ := objs/ft_printf.o
# automatic
# % := 
# automatic
# * := ft_printf
# automatic
# + := srcs/ft_printf.c
# automatic
# | := 
# automatic
# < := srcs/ft_printf.c
# automatic
# ^ := srcs/ft_printf.c
# automatic
# ? := srcs/ft_printf.c
# variable set hash-table stats:
# Load=8/32=25%, Rehash=0, Collisions=2/18=11%
#  commands to execute (from `Makefile', line 50):
	@mkdir -p $(OBJS_DIR)
 
	@$(CC) $(CFLAGS) $(DEBUG) -I $(INCLUD_DIR) -I $(LIB_DIR) -c $< -o $@ 
	

# Not a target:
objs/ft_print_ptr.o:
#  Implicit rule search has not been done.
#  Modification time never checked.
#  File has not been updated.

fclean: clean
#  Phony target (prerequisite of .PHONY).
#  Implicit rule search has not been done.
#  File does not exist.
#  File has not been updated.
#  commands to execute (from `Makefile', line 58):
	@$(RM) $(LIB_DIR)/$(LIBFT)
	@$(RM) $(NAME)
	

# Not a target:
.DEFAULT:
#  Implicit rule search has not been done.
#  Modification time never checked.
#  File has not been updated.

# Not a target:
srcs/ft_printf.c:
#  Implicit rule search has been done.
#  Last modified 2021-07-25 21:15:07
#  File has been updated.
#  Successfully updated.
# variable set hash-table stats:
# Load=0/32=0%, Rehash=0, Collisions=0/0=0%

# Not a target:
objs/ft_init_list.o:
#  Implicit rule search has not been done.
#  Modification time never checked.
#  File has not been updated.

re: fclean all
#  Phony target (prerequisite of .PHONY).
#  Implicit rule search has not been done.
#  File does not exist.
#  File has not been updated.

clean:
#  Phony target (prerequisite of .PHONY).
#  Implicit rule search has not been done.
#  File does not exist.
#  File has not been updated.
#  commands to execute (from `Makefile', line 54):
	@make -C $(LIB_DIR) clean
	$(RM) -rd $(OBJS_DIR)
	

# Not a target:
objs/ft_print_hex.o:
#  Implicit rule search has not been done.
#  Modification time never checked.
#  File has not been updated.

libftprintf.a: objs/ft_printf.o objs/ft_init_list.o objs/ft_print_char.o objs/ft_print_str.o objs/ft_print_int.o objs/ft_print_un_int.o objs/ft_print_hex.o objs/ft_print_ptr.o objs/ft_print_per.o
#  Implicit rule search has not been done.
#  File does not exist.
#  File has been updated.
#  Needs to be updated (-q is set).
# variable set hash-table stats:
# Load=0/32=0%, Rehash=0, Collisions=0/8=0%
#  commands to execute (from `Makefile', line 44):
	@make -C $(LIB_DIR)
	@cp $(LIB_DIR)/$(LIBFT) .
	@mv $(LIBFT) $(NAME)
	@$(AR) $(NAME) $(OBJS)
	

# files hash-table stats:
# Load=19/1024=2%, Rehash=0, Collisions=2/52=4%
# VPATH Search Paths

# No `vpath' search paths.

# No general (`VPATH' variable) search path.

# # of strings in strcache: 1
# # of strcache buffers: 1
# strcache size: total = 4096 / max = 4096 / min = 4096 / avg = 4096
# strcache free: total = 4087 / max = 4087 / min = 4087 / avg = 4087

# Finished Make data base on Tue Aug 17 17:38:19 2021

 
